[Mon May 21 08:48:01 2001] [notice] Apache/1.3.19 (Unix) Debian/sh configured -- resuming normal operations
[Mon May 21 08:48:01 2001] [notice] suEXEC mechanism enabled (wrapper: /usr/lib/apache/suexec)
[Mon May 21 08:50:09 2001] [warn] child process 2789 still did not exit, sending a SIGTERM
[Mon May 21 08:50:10 2001] [warn] child process 2790 still did not exit, sending a SIGTERM
[Mon May 21 08:50:10 2001] [warn] child process 2791 still did not exit, sending a SIGTERM
[Mon May 21 08:50:10 2001] [warn] child process 2792 still did not exit, sending a SIGTERM
[Mon May 21 08:50:10 2001] [warn] child process 2793 still did not exit, sending a SIGTERM
[Mon May 21 08:50:10 2001] [warn] child process 2794 still did not exit, sending a SIGTERM
[Mon May 21 08:50:14 2001] [notice] caught SIGTERM, shutting down
[Mon May 21 08:53:47 2001] [notice] Apache/1.3.19 (Unix) Debian/sh configured -- resuming normal operations
[Mon May 21 08:53:47 2001] [notice] suEXEC mechanism enabled (wrapper: /usr/lib/apache/suexec)
[Mon May 21 08:54:11 2001] [error] [client 192.168.0.250] client denied by server configuration: /usr/doc/apache
[Mon May 21 16:17:11 2001] [notice] caught SIGTERM, shutting down
[Thu Jan  1 09:01:22 1970] [notice] Apache/1.3.19 (Unix) Debian/sh configured -- resuming normal operations
[Thu Jan  1 09:01:22 1970] [notice] suEXEC mechanism enabled (wrapper: /usr/lib/apache/suexec)
[Thu Jan  1 09:01:19 1970] [notice] Apache/1.3.19 (Unix) Debian/sh configured -- resuming normal operations
[Thu Jan  1 09:01:19 1970] [notice] suEXEC mechanism enabled (wrapper: /usr/lib/apache/suexec)
[Thu Jan  1 09:01:19 1970] [notice] Apache/1.3.19 (Unix) Debian/sh configured -- resuming normal operations
[Thu Jan  1 09:01:19 1970] [notice] suEXEC mechanism enabled (wrapper: /usr/lib/apache/suexec)
[Thu Jan  1 09:01:12 1970] [notice] Apache/1.3.19 (Unix) Debian/sh configured -- resuming normal operations
[Thu Jan  1 09:01:12 1970] [notice] suEXEC mechanism enabled (wrapper: /usr/lib/apache/suexec)
[Thu Jan  1 09:01:16 1970] [notice] Apache/1.3.19 (Unix) Debian/sh configured -- resuming normal operations
[Thu Jan  1 09:01:16 1970] [notice] suEXEC mechanism enabled (wrapper: /usr/lib/apache/suexec)
[Thu Jan  1 09:01:16 1970] [notice] Apache/1.3.19 (Unix) Debian/sh configured -- resuming normal operations
[Thu Jan  1 09:01:16 1970] [notice] suEXEC mechanism enabled (wrapper: /usr/lib/apache/suexec)
[Thu Jan  1 09:01:17 1970] [notice] Apache/1.3.19 (Unix) Debian/sh configured -- resuming normal operations
[Thu Jan  1 09:01:17 1970] [notice] suEXEC mechanism enabled (wrapper: /usr/lib/apache/suexec)
[Thu Jan  1 09:01:17 1970] [notice] Apache/1.3.19 (Unix) Debian/sh configured -- resuming normal operations
[Thu Jan  1 09:01:17 1970] [notice] suEXEC mechanism enabled (wrapper: /usr/lib/apache/suexec)
[Thu Jan  1 09:01:39 1970] [notice] caught SIGTERM, shutting down
[Thu Jan  1 09:01:15 1970] [notice] Apache/1.3.19 (Unix) Debian/sh configured -- resuming normal operations
[Thu Jan  1 09:01:15 1970] [notice] suEXEC mechanism enabled (wrapper: /usr/lib/apache/suexec)
[Thu Jan  1 09:01:16 1970] [notice] Apache/1.3.19 (Unix) Debian/sh configured -- resuming normal operations
[Thu Jan  1 09:01:16 1970] [notice] suEXEC mechanism enabled (wrapper: /usr/lib/apache/suexec)
[Thu Jan  1 09:01:16 1970] [notice] Apache/1.3.19 (Unix) Debian/sh configured -- resuming normal operations
[Thu Jan  1 09:01:16 1970] [notice] suEXEC mechanism enabled (wrapper: /usr/lib/apache/suexec)
[Thu Jan  1 09:01:17 1970] [notice] Apache/1.3.19 (Unix) Debian/sh configured -- resuming normal operations
[Thu Jan  1 09:01:17 1970] [notice] suEXEC mechanism enabled (wrapper: /usr/lib/apache/suexec)
[Thu Jan  1 09:01:13 1970] [notice] Apache/1.3.19 (Unix) Debian/sh configured -- resuming normal operations
[Thu Jan  1 09:01:13 1970] [notice] suEXEC mechanism enabled (wrapper: /usr/lib/apache/suexec)
[Thu Jan  1 09:01:11 1970] [notice] Apache/1.3.19 (Unix) Debian/sh configured -- resuming normal operations
[Thu Jan  1 09:01:11 1970] [notice] suEXEC mechanism enabled (wrapper: /usr/lib/apache/suexec)
[Thu Jan  1 09:01:23 1970] [notice] caught SIGTERM, shutting down
